1651768755061	geckodriver	INFO	Listening on 127.0.0.1:55321
1651768755115	mozrunner::runner	INFO	Running command: "/home/raz0229/Downloads/firefox/firefox" "--marionette" "--remote-debugging-port" "43475" "-no-remote" "-profile" "/tmp/rust_mozprofiletYELuw"
ATTENTION: default value of option mesa_glthread overridden by environment.
1651768755992	Marionette	INFO	Marionette enabled
console.warn: SearchSettings: "get: No settings file exists, new profile?" (new NotFoundError("Could not open the file at /tmp/rust_mozprofiletYELuw/search.json.mozlz4", (void 0)))
DevTools listening on ws://localhost:43475/devtools/browser/046545ac-a726-472c-9033-df0991a96ae8
1651768758823	Marionette	INFO	Listening on port 33099
1651768758893	RemoteAgent	WARN	TLS certificate errors will be ignored for this session
console.warn: LoginRecipes: "getRecipes: falling back to a synchronous message for:" "https://www.instagram.com"
1651768780774	Marionette	INFO	Stopped listening on port 33099
console.warn: TopSitesFeed: Failed to fetch data from Contile server: NetworkError when attempting to fetch resource.
JavaScript error: chrome://remote/content/marionette/cert.js, line 55: NS_ERROR_NOT_AVAILABLE: Component returned failure code: 0x80040111 (NS_ERROR_NOT_AVAILABLE) [nsICertOverrideService.setDisableAllSecurityChecksAndLetAttackersInterceptMyData]
1651768780918	geckodriver::marionette	ERROR	Failed to close browser connection: Socket not connected (os error 107)
JavaScript error: resource://gre/modules/AsyncShutdown.jsm, line 575: uncaught exception: Object
[2022-05-05T16:39:41Z ERROR glean] Can't persist ping lifetime data: Error { kind: Rkv(IoError(Os { code: 2, kind: NotFound, message: "No such file or directory" })) }
1651769520296	geckodriver	INFO	Listening on 127.0.0.1:60895
1651769609928	geckodriver	INFO	Listening on 127.0.0.1:53535
1651769980751	geckodriver	INFO	Listening on 127.0.0.1:46243
1651769984267	mozrunner::runner	INFO	Running command: "/home/raz0229/Downloads/firefox/firefox" "--marionette" "--remote-debugging-port" "53543" "-no-remote" "-profile" "/tmp/rust_mozprofilefmUPNe"
ATTENTION: default value of option mesa_glthread overridden by environment.
1651769993331	Marionette	INFO	Marionette enabled
console.warn: SearchSettings: "get: No settings file exists, new profile?" (new NotFoundError("Could not open the file at /tmp/rust_mozprofilefmUPNe/search.json.mozlz4", (void 0)))
DevTools listening on ws://localhost:53543/devtools/browser/77d49cb1-6a14-4934-8e02-3fdb03d8bc9f
1651770000112	Marionette	INFO	Listening on port 45961
1651770000275	RemoteAgent	WARN	TLS certificate errors will be ignored for this session
console.warn: LoginRecipes: "getRecipes: falling back to a synchronous message for:" "https://www.instagram.com"
console.warn: LoginRecipes: "getRecipes: falling back to a synchronous message for:" "https://www.instagram.com"
JavaScript error: resource://gre/modules/LoginManagerParent.jsm, line 136: TypeError: can't access property "getRecipesForHost", gRecipeManager is null
JavaScript error: , line 0: uncaught exception: Object
JavaScript error: , line 0: uncaught exception: Object
1651770156705	Marionette	INFO	Stopped listening on port 45961

###!!! [Child][PContentChild] Error: RunMessage(msgname=PHttpChannel::Msg_DeleteSelf) Channel closing: too late to send/recv, messages will be lost


###!!! [Child][PContentChild] Error: RunMessage(msgname=PHttpChannel::Msg_DeleteSelf) Channel closing: too late to send/recv, messages will be lost


###!!! [Child][PContentChild] Error: RunMessage(msgname=PHttpChannel::Msg_DeleteSelf) Channel closing: too late to send/recv, messages will be lost


###!!! [Child][PContentChild] Error: RunMessage(msgname=PHttpChannel::Msg_DeleteSelf) Channel closing: too late to send/recv, messages will be lost


###!!! [Child][PContentChild] Error: RunMessage(msgname=PHttpChannel::Msg_DeleteSelf) Channel closing: too late to send/recv, messages will be lost


###!!! [Child][PContentChild] Error: RunMessage(msgname=PHttpChannel::Msg_DeleteSelf) Channel closing: too late to send/recv, messages will be lost


###!!! [Child][PContentChild] Error: RunMessage(msgname=PHttpChannel::Msg_DeleteSelf) Channel closing: too late to send/recv, messages will be lost


###!!! [Child][PContentChild] Error: RunMessage(msgname=PWebSocket::Msg___delete__) Channel closing: too late to send/recv, messages will be lost


###!!! [Child][PContentChild] Error: RunMessage(msgname=PHttpChannel::Msg_DeleteSelf) Channel closing: too late to send/recv, messages will be lost


###!!! [Child][PContentChild] Error: RunMessage(msgname=PHttpChannel::Msg_DeleteSelf) Channel closing: too late to send/recv, messages will be lost

console.warn: TopSitesFeed: Failed to fetch data from Contile server: NetworkError when attempting to fetch resource.
1651770197256	geckodriver	INFO	Listening on 127.0.0.1:48029
1651770197263	mozrunner::runner	INFO	Running command: "/home/raz0229/Downloads/firefox/firefox" "--marionette" "--remote-debugging-port" "50313" "-no-remote" "-profile" "/tmp/rust_mozprofileTzxEUv"
ATTENTION: default value of option mesa_glthread overridden by environment.
1651770197882	Marionette	INFO	Marionette enabled
console.warn: SearchSettings: "get: No settings file exists, new profile?" (new NotFoundError("Could not open the file at /tmp/rust_mozprofileTzxEUv/search.json.mozlz4", (void 0)))
DevTools listening on ws://localhost:50313/devtools/browser/5c16f0b0-2872-41b7-85b6-53a7517b3125
1651770200286	Marionette	INFO	Listening on port 42087
1651770200423	RemoteAgent	WARN	TLS certificate errors will be ignored for this session
console.error: Region.jsm: "Error fetching region" (new Error("TIMEOUT", "resource://gre/modules/Region.jsm", 772))
console.error: Region.jsm: "Failed to fetch region" (new Error("TIMEOUT", "resource://gre/modules/Region.jsm", 419))
1651770235223	Marionette	INFO	Stopped listening on port 42087

###!!! [Child][PContentChild] Error: RunMessage(msgname=PHttpChannel::Msg_DeleteSelf) Channel closing: too late to send/recv, messages will be lost


###!!! [Child][PContentChild] Error: Send(msgname=PHttpChannel::Msg_RemoveCorsPreflightCacheEntry) Channel closing: too late to send/recv, messages will be lost


###!!! [Child][PContentChild] Error: Send(msgname=PHttpChannel::Msg_DeletingChannel) Channel closing: too late to send/recv, messages will be lost


###!!! [Child][PContentChild] Error: RunMessage(msgname=PHttpChannel::Msg_DeleteSelf) Channel closing: too late to send/recv, messages will be lost


###!!! [Child][PContentChild] Error: RunMessage(msgname=PHttpChannel::Msg_DeleteSelf) Channel closing: too late to send/recv, messages will be lost


###!!! [Child][PContentChild] Error: RunMessage(msgname=PHttpChannel::Msg_DeleteSelf) Channel closing: too late to send/recv, messages will be lost


###!!! [Child][PContentChild] Error: RunMessage(msgname=PHttpChannel::Msg_DeleteSelf) Channel closing: too late to send/recv, messages will be lost

console.warn: TopSitesFeed: Failed to fetch data from Contile server: NetworkError when attempting to fetch resource.
JavaScript error: chrome://remote/content/marionette/cert.js, line 55: NS_ERROR_NOT_AVAILABLE: Component returned failure code: 0x80040111 (NS_ERROR_NOT_AVAILABLE) [nsICertOverrideService.setDisableAllSecurityChecksAndLetAttackersInterceptMyData]
[2022-05-05T17:03:55Z ERROR glean] Can't persist ping lifetime data: Error { kind: Rkv(IoError(Os { code: 2, kind: NotFound, message: "No such file or directory" })) }
1651770235595	geckodriver::marionette	ERROR	Failed to close browser connection: Socket not connected (os error 107)

###!!! [Parent][PImageBridgeParent] Error: RunMessage(msgname=PImageBridge::Msg_WillClose) Channel closing: too late to send/recv, messages will be lost

1651770265739	geckodriver	INFO	Listening on 127.0.0.1:35323
1651770268293	mozrunner::runner	INFO	Running command: "/home/raz0229/Downloads/firefox/firefox" "--marionette" "--remote-debugging-port" "47529" "-no-remote" "-profile" "/tmp/rust_mozprofileArK4z0"
ATTENTION: default value of option mesa_glthread overridden by environment.
1651770268695	Marionette	INFO	Marionette enabled
JavaScript warning: moz-extension://41ba11f5-5ceb-48f3-accf-4febdfb45479/lib/filter/antibanner.js, line 1163: unreachable code after return statement
DevTools listening on ws://localhost:47529/devtools/browser/f73369d9-8b88-4f92-bf03-e2d01d0fa04d
1651770271722	Marionette	INFO	Listening on port 42793
1651770271846	RemoteAgent	WARN	TLS certificate errors will be ignored for this session
JavaScript error: resource://gre/modules/ExtensionContent.jsm, line 574: TypeError: PrecompiledScript.executeInGlobal: Argument 1 is not an object.
JavaScript warning: moz-extension://41ba11f5-5ceb-48f3-accf-4febdfb45479/lib/filter/antibanner.js, line 1163: unreachable code after return statement
1651770398801	Sync.ErrorHandler	ERROR	Some engines did not sync correctly.
JavaScript error: , line 0: uncaught exception: Object
JavaScript error: , line 0: uncaught exception: Object
JavaScript error: resource://gre/modules/ConduitsChild.jsm, line 112: Error: sendRemoveListener on closed conduit adblockultimate@adblockultimate.net.412316860626
1651770520106	Marionette	INFO	Stopped listening on port 42793
console.warn: TopSitesFeed: Failed to fetch data from Contile server: NetworkError when attempting to fetch resource.
JavaScript error: chrome://remote/content/marionette/cert.js, line 55: NS_ERROR_NOT_AVAILABLE: Component returned failure code: 0x80040111 (NS_ERROR_NOT_AVAILABLE) [nsICertOverrideService.setDisableAllSecurityChecksAndLetAttackersInterceptMyData]
[2022-05-05T17:08:40Z ERROR glean] Can't persist ping lifetime data: Error { kind: Rkv(IoError(Os { code: 2, kind: NotFound, message: "No such file or directory" })) }
1651770520300	geckodriver::marionette	ERROR	Failed to close browser connection: Socket not connected (os error 107)
1651770522065	geckodriver	INFO	Listening on 127.0.0.1:55599

###!!! [Parent][PImageBridgeParent] Error: RunMessage(msgname=PImageBridge::Msg_WillClose) Channel closing: too late to send/recv, messages will be lost

Sandbox: Unexpected EOF, op 0 flags 00 path /proc/cpuinfo
1651770524874	mozrunner::runner	INFO	Running command: "/home/raz0229/Downloads/firefox/firefox" "--marionette" "--remote-debugging-port" "55453" "-no-remote" "-profile" "/tmp/rust_mozprofilectnIne"
ATTENTION: default value of option mesa_glthread overridden by environment.
1651770525276	Marionette	INFO	Marionette enabled
DevTools listening on ws://localhost:55453/devtools/browser/530e0b3d-0429-4a44-a7f7-aba1624c309b
JavaScript warning: moz-extension://41ba11f5-5ceb-48f3-accf-4febdfb45479/lib/filter/antibanner.js, line 1163: unreachable code after return statement
1651770528498	Marionette	INFO	Listening on port 35533
1651770528630	RemoteAgent	WARN	TLS certificate errors will be ignored for this session
JavaScript error: resource://gre/modules/ExtensionContent.jsm, line 574: TypeError: PrecompiledScript.executeInGlobal: Argument 1 is not an object.
JavaScript warning: moz-extension://41ba11f5-5ceb-48f3-accf-4febdfb45479/lib/filter/antibanner.js, line 1163: unreachable code after return statement
1651770568370	FirefoxAccounts	ERROR	Background refresh of profile failed: {"name":"FxAccountsProfileClientError","code":null,"errno":998,"error":"NETWORK_ERROR","message":"[Exception... \"NS_ERROR_UNKNOWN_HOST\"  nsresult: \"0x804b001e (NS_ERROR_UNKNOWN_HOST)\"  location: \"JS frame :: resource://services-common/rest.js :: onStopRequest :: line 488\"  data: no]"}
1651770568370	FirefoxAccounts	ERROR	Background refresh of profile failed: {"name":"FxAccountsProfileClientError","code":null,"errno":998,"error":"NETWORK_ERROR","message":"[Exception... \"NS_ERROR_UNKNOWN_HOST\"  nsresult: \"0x804b001e (NS_ERROR_UNKNOWN_HOST)\"  location: \"JS frame :: resource://services-common/rest.js :: onStopRequest :: line 488\"  data: no]"}
1651770568371	FirefoxAccounts	ERROR	Background refresh of profile failed: {"name":"FxAccountsProfileClientError","code":null,"errno":998,"error":"NETWORK_ERROR","message":"[Exception... \"NS_ERROR_UNKNOWN_HOST\"  nsresult: \"0x804b001e (NS_ERROR_UNKNOWN_HOST)\"  location: \"JS frame :: resource://services-common/rest.js :: onStopRequest :: line 488\"  data: no]"}
1651770568371	FirefoxAccounts	ERROR	Background refresh of profile failed: {"name":"FxAccountsProfileClientError","code":null,"errno":998,"error":"NETWORK_ERROR","message":"[Exception... \"NS_ERROR_UNKNOWN_HOST\"  nsresult: \"0x804b001e (NS_ERROR_UNKNOWN_HOST)\"  location: \"JS frame :: resource://services-common/rest.js :: onStopRequest :: line 488\"  data: no]"}
1651770568425	Sync.SyncAuthManager	ERROR	Non-authentication error in _fetchTokenForUser: TokenServerClientNetworkError({"error":{}})(resource://services-common/tokenserverclient.js:39:36) JS Stack trace: TokenServerClientNetworkError@tokenserverclient.js:62:16
_tokenServerExchangeRequest@tokenserverclient.js:241:13
1651770568428	Sync.ErrorHandler	ERROR	Sync encountered a login error
1651770568458	FirefoxAccounts	ERROR	error GETing /account/devices: {"error":{},"errorString":"[Exception... \"NS_ERROR_UNKNOWN_HOST\"  nsresult: \"0x804b001e (NS_ERROR_UNKNOWN_HOST)\"  location: \"JS frame :: resource://services-common/rest.js :: onStopRequest :: line 488\"  data: no]","message":null,"code":null,"errno":null}
1651770568459	Sync.Browser	ERROR	Refreshing device list failed.: {"error":{},"errorString":"[Exception... \"NS_ERROR_UNKNOWN_HOST\"  nsresult: \"0x804b001e (NS_ERROR_UNKNOWN_HOST)\"  location: \"JS frame :: resource://services-common/rest.js :: onStopRequest :: line 488\"  data: no]","message":null,"code":null,"errno":null}
1651770568459	Sync.Browser	ERROR	Refreshing device list failed.: {"error":{},"errorString":"[Exception... \"NS_ERROR_UNKNOWN_HOST\"  nsresult: \"0x804b001e (NS_ERROR_UNKNOWN_HOST)\"  location: \"JS frame :: resource://services-common/rest.js :: onStopRequest :: line 488\"  data: no]","message":null,"code":null,"errno":null}
1651770568460	Sync.Browser	ERROR	Refreshing device list failed.: {"error":{},"errorString":"[Exception... \"NS_ERROR_UNKNOWN_HOST\"  nsresult: \"0x804b001e (NS_ERROR_UNKNOWN_HOST)\"  location: \"JS frame :: resource://services-common/rest.js :: onStopRequest :: line 488\"  data: no]","message":null,"code":null,"errno":null}
1651770568460	Sync.Browser	ERROR	Refreshing device list failed.: {"error":{},"errorString":"[Exception... \"NS_ERROR_UNKNOWN_HOST\"  nsresult: \"0x804b001e (NS_ERROR_UNKNOWN_HOST)\"  location: \"JS frame :: resource://services-common/rest.js :: onStopRequest :: line 488\"  data: no]","message":null,"code":null,"errno":null}
1651770575282	addons.xpi	ERROR	System addon update list error Error: Failed downloading XML, status: 0, reason: timeout
JavaScript error: resource://gre/modules/ConduitsChild.jsm, line 112: Error: sendRemoveListener on closed conduit adblockultimate@adblockultimate.net.412316860632
1651770689258	Marionette	INFO	Stopped listening on port 35533
console.warn: TopSitesFeed: Failed to fetch data from Contile server: NetworkError when attempting to fetch resource.

###!!! [Parent][PImageBridgeParent] Error: RunMessage(msgname=PImageBridge::Msg_WillClose) Channel closing: too late to send/recv, messages will be lost

1651770692944	geckodriver	INFO	Listening on 127.0.0.1:35679
1651770695662	mozrunner::runner	INFO	Running command: "/home/raz0229/Downloads/firefox/firefox" "--marionette" "--remote-debugging-port" "52285" "-no-remote" "-profile" "/tmp/rust_mozprofile7nKabF"
ATTENTION: default value of option mesa_glthread overridden by environment.
1651770696065	Marionette	INFO	Marionette enabled
JavaScript warning: moz-extension://41ba11f5-5ceb-48f3-accf-4febdfb45479/lib/filter/antibanner.js, line 1163: unreachable code after return statement
DevTools listening on ws://localhost:52285/devtools/browser/15f32727-453b-40bd-b1f0-29c6d8ee789d
1651770698923	Marionette	INFO	Listening on port 36189
1651770699014	RemoteAgent	WARN	TLS certificate errors will be ignored for this session
JavaScript error: resource://gre/modules/ExtensionContent.jsm, line 574: TypeError: PrecompiledScript.executeInGlobal: Argument 1 is not an object.
JavaScript warning: moz-extension://41ba11f5-5ceb-48f3-accf-4febdfb45479/lib/filter/antibanner.js, line 1163: unreachable code after return statement
JavaScript error: resource://gre/modules/ConduitsChild.jsm, line 112: Error: sendRemoveListener on closed conduit adblockultimate@adblockultimate.net.412316860626
1651770809619	Marionette	INFO	Stopped listening on port 36189
console.warn: TopSitesFeed: Failed to fetch data from Contile server: NetworkError when attempting to fetch resource.
JavaScript error: chrome://remote/content/marionette/cert.js, line 55: NS_ERROR_NOT_AVAILABLE: Component returned failure code: 0x80040111 (NS_ERROR_NOT_AVAILABLE) [nsICertOverrideService.setDisableAllSecurityChecksAndLetAttackersInterceptMyData]

###!!! [Parent][PImageBridgeParent] Error: RunMessage(msgname=PImageBridge::Msg_WillClose) Channel closing: too late to send/recv, messages will be lost

Sandbox: Unexpected EOF, op 0 flags 00 path /proc/cpuinfo
1651770892044	geckodriver	INFO	Listening on 127.0.0.1:42779
1651770894739	mozrunner::runner	INFO	Running command: "/home/raz0229/Downloads/firefox/firefox" "--marionette" "--remote-debugging-port" "40469" "-no-remote" "-profile" "/tmp/rust_mozprofileIexZZq"
ATTENTION: default value of option mesa_glthread overridden by environment.
1651770895130	Marionette	INFO	Marionette enabled
JavaScript warning: moz-extension://41ba11f5-5ceb-48f3-accf-4febdfb45479/lib/filter/antibanner.js, line 1163: unreachable code after return statement
DevTools listening on ws://localhost:40469/devtools/browser/06a87f78-4cd2-4959-aed8-c03e449acda8
1651770897860	Marionette	INFO	Listening on port 37265
1651770897983	RemoteAgent	WARN	TLS certificate errors will be ignored for this session
JavaScript error: resource://gre/modules/ExtensionContent.jsm, line 574: TypeError: PrecompiledScript.executeInGlobal: Argument 1 is not an object.
JavaScript warning: moz-extension://41ba11f5-5ceb-48f3-accf-4febdfb45479/lib/filter/antibanner.js, line 1163: unreachable code after return statement
JavaScript error: resource://gre/modules/ConduitsChild.jsm, line 112: Error: sendRemoveListener on closed conduit adblockultimate@adblockultimate.net.412316860627
1651771085892	Marionette	INFO	Stopped listening on port 37265
console.warn: TopSitesFeed: Failed to fetch data from Contile server: NetworkError when attempting to fetch resource.
JavaScript error: chrome://remote/content/marionette/cert.js, line 55: NS_ERROR_NOT_AVAILABLE: Component returned failure code: 0x80040111 (NS_ERROR_NOT_AVAILABLE) [nsICertOverrideService.setDisableAllSecurityChecksAndLetAttackersInterceptMyData]
Sandbox: Unexpected EOF, op 0 flags 00 path /proc/cpuinfo
1651771505209	geckodriver	INFO	Listening on 127.0.0.1:53111
1651771508028	mozrunner::runner	INFO	Running command: "/home/raz0229/Downloads/firefox/firefox" "--marionette" "--remote-debugging-port" "36489" "-no-remote" "-profile" "/tmp/rust_mozprofileDe725y"
ATTENTION: default value of option mesa_glthread overridden by environment.
1651771508427	Marionette	INFO	Marionette enabled
JavaScript error: resource:///modules/BrowserGlue.jsm, line 4636: TypeError: can't access property "document", win is null
console.warn: TopSitesFeed: Failed to fetch data from Contile server: NetworkError when attempting to fetch resource.
1651771511267	Sync.SyncAuthManager	ERROR	Non-authentication error in _fetchTokenForUser: TokenServerClientNetworkError({"error":{}})(resource://services-common/tokenserverclient.js:39:36) JS Stack trace: TokenServerClientNetworkError@tokenserverclient.js:62:16
_tokenServerExchangeRequest@tokenserverclient.js:241:13
1651771511268	Sync.ErrorHandler	ERROR	Sync encountered a login error
1651771511272	FirefoxAccounts	ERROR	Background refresh of profile failed: {"name":"FxAccountsProfileClientError","code":null,"errno":998,"error":"NETWORK_ERROR","message":"[Exception... \"NS_ERROR_ABORT\"  nsresult: \"0x80004004 (NS_ERROR_ABORT)\"  location: \"JS frame :: resource://services-common/rest.js :: onStopRequest :: line 488\"  data: no]"}
1651771511272	FirefoxAccounts	ERROR	Background refresh of profile failed: {"name":"FxAccountsProfileClientError","code":null,"errno":998,"error":"NETWORK_ERROR","message":"[Exception... \"NS_ERROR_ABORT\"  nsresult: \"0x80004004 (NS_ERROR_ABORT)\"  location: \"JS frame :: resource://services-common/rest.js :: onStopRequest :: line 488\"  data: no]"}
1651771511272	FirefoxAccounts	ERROR	Background refresh of profile failed: {"name":"FxAccountsProfileClientError","code":null,"errno":998,"error":"NETWORK_ERROR","message":"[Exception... \"NS_ERROR_ABORT\"  nsresult: \"0x80004004 (NS_ERROR_ABORT)\"  location: \"JS frame :: resource://services-common/rest.js :: onStopRequest :: line 488\"  data: no]"}
1651771511272	FirefoxAccounts	ERROR	Background refresh of profile failed: {"name":"FxAccountsProfileClientError","code":null,"errno":998,"error":"NETWORK_ERROR","message":"[Exception... \"NS_ERROR_ABORT\"  nsresult: \"0x80004004 (NS_ERROR_ABORT)\"  location: \"JS frame :: resource://services-common/rest.js :: onStopRequest :: line 488\"  data: no]"}
1651771511272	FirefoxAccounts	ERROR	Background refresh of profile failed: {"name":"FxAccountsProfileClientError","code":null,"errno":998,"error":"NETWORK_ERROR","message":"[Exception... \"NS_ERROR_ABORT\"  nsresult: \"0x80004004 (NS_ERROR_ABORT)\"  location: \"JS frame :: resource://services-common/rest.js :: onStopRequest :: line 488\"  data: no]"}
JavaScript error: resource:///modules/BrowserGlue.jsm, line 4636: TypeError: can't access property "document", win is null
JavaScript error: resource:///modules/BrowserGlue.jsm, line 4636: TypeError: can't access property "document", win is null
[2022-05-05T17:25:11Z ERROR viaduct::backend::ffi] Missing HTTP status
JavaScript error: resource://gre/modules/TerminatorTelemetry.jsm, line 71: AbortError: IOUtils: Shutting down and refusing additional I/O tasks
1651771522011	geckodriver	INFO	Listening on 127.0.0.1:48579
1651771524908	mozrunner::runner	INFO	Running command: "/home/raz0229/Downloads/firefox/firefox" "--marionette" "--remote-debugging-port" "46055" "-no-remote" "-profile" "/tmp/rust_mozprofileEUG5lX"
ATTENTION: default value of option mesa_glthread overridden by environment.
1651771525311	Marionette	INFO	Marionette enabled
JavaScript warning: moz-extension://41ba11f5-5ceb-48f3-accf-4febdfb45479/lib/filter/antibanner.js, line 1163: unreachable code after return statement
DevTools listening on ws://localhost:46055/devtools/browser/5ffa011b-8723-450c-995d-5baf59137059
1651771527722	Marionette	INFO	Listening on port 35315
1651771527848	RemoteAgent	WARN	TLS certificate errors will be ignored for this session
1651771528396	FirefoxAccounts	ERROR	error GETing /account/devices: {"error":{},"errorString":"[Exception... \"NS_ERROR_ABORT\"  nsresult: \"0x80004004 (NS_ERROR_ABORT)\"  location: \"JS frame :: resource://services-common/rest.js :: onStopRequest :: line 488\"  data: no]","message":null,"code":null,"errno":null}
1651771528399	Sync.SyncAuthManager	ERROR	Non-authentication error in _fetchTokenForUser: TokenServerClientNetworkError({"error":{}})(resource://services-common/tokenserverclient.js:39:36) JS Stack trace: TokenServerClientNetworkError@tokenserverclient.js:62:16
_tokenServerExchangeRequest@tokenserverclient.js:241:13
1651771528400	Sync.ErrorHandler	ERROR	Sync encountered a login error
1651771528407	FirefoxAccounts	ERROR	Background refresh of profile failed: {"name":"FxAccountsProfileClientError","code":null,"errno":998,"error":"NETWORK_ERROR","message":"[Exception... \"NS_ERROR_ABORT\"  nsresult: \"0x80004004 (NS_ERROR_ABORT)\"  location: \"JS frame :: resource://services-common/rest.js :: onStopRequest :: line 488\"  data: no]"}
1651771528408	FirefoxAccounts	ERROR	Background refresh of profile failed: {"name":"FxAccountsProfileClientError","code":null,"errno":998,"error":"NETWORK_ERROR","message":"[Exception... \"NS_ERROR_ABORT\"  nsresult: \"0x80004004 (NS_ERROR_ABORT)\"  location: \"JS frame :: resource://services-common/rest.js :: onStopRequest :: line 488\"  data: no]"}
1651771528408	FirefoxAccounts	ERROR	Background refresh of profile failed: {"name":"FxAccountsProfileClientError","code":null,"errno":998,"error":"NETWORK_ERROR","message":"[Exception... \"NS_ERROR_ABORT\"  nsresult: \"0x80004004 (NS_ERROR_ABORT)\"  location: \"JS frame :: resource://services-common/rest.js :: onStopRequest :: line 488\"  data: no]"}
1651771528408	FirefoxAccounts	ERROR	Background refresh of profile failed: {"name":"FxAccountsProfileClientError","code":null,"errno":998,"error":"NETWORK_ERROR","message":"[Exception... \"NS_ERROR_ABORT\"  nsresult: \"0x80004004 (NS_ERROR_ABORT)\"  location: \"JS frame :: resource://services-common/rest.js :: onStopRequest :: line 488\"  data: no]"}
1651771528408	FirefoxAccounts	ERROR	Background refresh of profile failed: {"name":"FxAccountsProfileClientError","code":null,"errno":998,"error":"NETWORK_ERROR","message":"[Exception... \"NS_ERROR_ABORT\"  nsresult: \"0x80004004 (NS_ERROR_ABORT)\"  location: \"JS frame :: resource://services-common/rest.js :: onStopRequest :: line 488\"  data: no]"}
1651771528409	FirefoxAccounts	ERROR	Background refresh of profile failed: {"name":"FxAccountsProfileClientError","code":null,"errno":998,"error":"NETWORK_ERROR","message":"[Exception... \"NS_ERROR_ABORT\"  nsresult: \"0x80004004 (NS_ERROR_ABORT)\"  location: \"JS frame :: resource://services-common/rest.js :: onStopRequest :: line 488\"  data: no]"}
JavaScript error: resource:///modules/BrowserGlue.jsm, line 4636: TypeError: can't access property "document", win is null
JavaScript error: resource:///modules/BrowserGlue.jsm, line 4636: TypeError: can't access property "document", win is null
Exiting due to channel error.
Exiting due to channel error.
Exiting due to channel error.
1651771541484	geckodriver	INFO	Listening on 127.0.0.1:35489
1651771544307	mozrunner::runner	INFO	Running command: "/home/raz0229/Downloads/firefox/firefox" "--marionette" "--remote-debugging-port" "60631" "-no-remote" "-profile" "/tmp/rust_mozprofile6kplth"
ATTENTION: default value of option mesa_glthread overridden by environment.
1651771544704	Marionette	INFO	Marionette enabled
JavaScript warning: moz-extension://41ba11f5-5ceb-48f3-accf-4febdfb45479/lib/filter/antibanner.js, line 1163: unreachable code after return statement
DevTools listening on ws://localhost:60631/devtools/browser/bd128c43-2649-48c8-bda8-ce31b4c6afcd
1651771547476	Marionette	INFO	Listening on port 33597
1651771547540	RemoteAgent	WARN	TLS certificate errors will be ignored for this session
JavaScript error: resource://gre/modules/ExtensionContent.jsm, line 574: TypeError: PrecompiledScript.executeInGlobal: Argument 1 is not an object.
JavaScript warning: moz-extension://41ba11f5-5ceb-48f3-accf-4febdfb45479/lib/filter/antibanner.js, line 1163: unreachable code after return statement
JavaScript error: , line 0: uncaught exception: Object
JavaScript error: resource://gre/modules/ConduitsChild.jsm, line 112: Error: sendRemoveListener on closed conduit adblockultimate@adblockultimate.net.412316860626
1651771708035	Marionette	INFO	Stopped listening on port 33597
console.warn: TopSitesFeed: Failed to fetch data from Contile server: NetworkError when attempting to fetch resource.
JavaScript error: chrome://remote/content/marionette/cert.js, line 55: NS_ERROR_NOT_AVAILABLE: Component returned failure code: 0x80040111 (NS_ERROR_NOT_AVAILABLE) [nsICertOverrideService.setDisableAllSecurityChecksAndLetAttackersInterceptMyData]
